<?xml version="1.0" encoding="UTF-8"?>
<testsuite xmlns:xsi="http://www.w3.org/2001/XMLSchema-instance" xsi:noNamespaceSchemaLocation="https://maven.apache.org/surefire/maven-surefire-plugin/xsd/surefire-test-report-3.0.xsd" version="3.0" name="TestSuite" time="81.303" tests="3" errors="0" skipped="0" failures="0">
  <properties>
[...]
</properties>
  <testcase name="titleCheck" classname="browserstack.crossbrowserTest.TestDemo" time="8.639">
    <system-out><![CDATA[Google
]]></system-out>
    <system-err><![CDATA[SLF4J: Failed to load class "org.slf4j.impl.StaticLoggerBinder".
SLF4J: Defaulting to no-operation (NOP) logger implementation
SLF4J: See http://www.slf4j.org/codes.html#StaticLoggerBinder for further details.
May 27, 2024 9:59:17 AM org.openqa.selenium.remote.tracing.opentelemetry.OpenTelemetryTracer createTracer
INFO: Using OpenTelemetry for tracing
]]></system-err>
  </testcase>
  <testcase name="titleCheck" classname="browserstack.crossbrowserTest.TestDemo" time="11.709">
    <system-out><![CDATA[Google
]]></system-out>
  </testcase>
  <testcase name="titleCheck" classname="browserstack.crossbrowserTest.TestDemo" time="79.405">
    <system-out><![CDATA[Google
]]></system-out>
  </testcase>
</testsuite>